<?xml version="1.0" encoding="UTF-8"?>
<coverage generated="1787953349661" clover="3.2.0">
  <project timestamp="1787953349661" name="All files">
    <metrics statements="107" coveredstatements="77" conditionals="47" coveredconditionals="31" methods="44" coveredmethods="27" elements="198" coveredelements="135" complexity="0" loc="107" ncloc="107" packages="3" files="9" classes="9"/>
    <package name="src">
      <metrics statements="24" coveredstatements="18" conditionals="4" coveredconditionals="4" methods="12" coveredmethods="6"/>
      <file name="App.tsx" path="/home/paulograbin/Desktop/horasExtras/src/App.tsx">
        <metrics statements="21" coveredstatements="15" conditionals="4" coveredconditionals="4" methods="12" coveredmethods="6"/>
        <line num="12" count="8" type="stmt"/>
        <line num="13" count="7" type="stmt"/>
        <line num="14" count="7" type="cond" truecount="2" falsecount="0"/>
        <line num="17" count="8" type="stmt"/>
        <line num="18" count="7" type="stmt"/>
        <line num="19" count="7" type="cond" truecount="2" falsecount="0"/>
        <line num="22" count="8" type="stmt"/>
        <line num="23" count="8" type="stmt"/>
        <line num="26" count="8" type="stmt"/>
        <line num="27" count="7" type="stmt"/>
        <line num="30" count="8" type="stmt"/>
        <line num="31" count="8" type="stmt"/>
        <line num="35" count="8" type="stmt"/>
        <line num="36" count="0" type="stmt"/>
        <line num="37" count="0" type="stmt"/>
        <line num="38" count="0" type="stmt"/>
        <line num="41" count="8" type="stmt"/>
        <line num="42" count="0" type="stmt"/>
        <line num="48" count="0" type="stmt"/>
        <line num="49" count="0" type="stmt"/>
        <line num="52" count="8" type="stmt"/>
      </file>
      <file name="config.ts" path="/home/paulograbin/Desktop/horasExtras/src/config.ts">
        <metrics statements="3" coveredstatements="3" conditionals="0" coveredconditionals="0" methods="0" coveredmethods="0"/>
        <line num="3" count="2" type="stmt"/>
        <line num="13" count="2" type="stmt"/>
        <line num="15" count="2" type="stmt"/>
      </file>
    </package>
    <package name="src.components">
      <metrics statements="57" coveredstatements="44" conditionals="29" coveredconditionals="21" methods="23" coveredmethods="16"/>
      <file name="BandCard.tsx" path="/home/paulograbin/Desktop/horasExtras/src/components/BandCard.tsx">
        <metrics statements="7" coveredstatements="7" conditionals="4" coveredconditionals="4" methods="2" coveredmethods="2"/>
        <line num="10" count="61" type="cond" truecount="2" falsecount="0"/>
        <line num="11" count="54" type="cond" truecount="2" falsecount="0"/>
        <line num="12" count="39" type="stmt"/>
        <line num="15" count="2" type="stmt"/>
        <line num="39" count="61" type="stmt"/>
        <line num="40" count="61" type="stmt"/>
        <line num="42" count="61" type="stmt"/>
      </file>
      <file name="Header.tsx" path="/home/paulograbin/Desktop/horasExtras/src/components/Header.tsx">
        <metrics statements="1" coveredstatements="1" conditionals="0" coveredconditionals="0" methods="1" coveredmethods="1"/>
        <line num="2" count="8" type="stmt"/>
      </file>
      <file name="HoursCalculator.tsx" path="/home/paulograbin/Desktop/horasExtras/src/components/HoursCalculator.tsx">
        <metrics statements="23" coveredstatements="22" conditionals="16" coveredconditionals="15" methods="10" coveredmethods="9"/>
        <line num="7" count="2" type="stmt"/>
        <line num="19" count="20" type="stmt"/>
        <line num="20" count="14" type="stmt"/>
        <line num="21" count="14" type="cond" truecount="2" falsecount="0"/>
        <line num="24" count="20" type="stmt"/>
        <line num="25" count="19" type="stmt"/>
        <line num="28" count="20" type="stmt"/>
        <line num="29" count="5" type="stmt"/>
        <line num="30" count="5" type="cond" truecount="1" falsecount="1"/>
        <line num="31" count="5" type="stmt"/>
        <line num="32" count="5" type="stmt"/>
        <line num="35" count="20" type="stmt"/>
        <line num="36" count="81" type="cond" truecount="2" falsecount="0"/>
        <line num="41" count="20" type="stmt"/>
        <line num="43" count="81" type="cond" truecount="2" falsecount="0"/>
        <line num="48" count="20" type="stmt"/>
        <line num="49" count="20" type="stmt"/>
        <line num="51" count="20" type="stmt"/>
        <line num="68" count="81" type="cond" truecount="2" falsecount="0"/>
        <line num="69" count="81" type="stmt"/>
        <line num="71" count="81" type="stmt"/>
        <line num="89" count="5" type="stmt"/>
        <line num="114" count="0" type="stmt"/>
      </file>
      <file name="ResultsGrid.tsx" path="/home/paulograbin/Desktop/horasExtras/src/components/ResultsGrid.tsx">
        <metrics statements="19" coveredstatements="7" conditionals="9" coveredconditionals="2" methods="8" coveredmethods="2"/>
        <line num="12" count="8" type="stmt"/>
        <line num="13" count="8" type="stmt"/>
        <line num="14" count="8" type="stmt"/>
        <line num="16" count="8" type="stmt"/>
        <line num="17" count="0" type="stmt"/>
        <line num="18" count="0" type="stmt"/>
        <line num="19" count="0" type="cond" truecount="0" falsecount="5"/>
        <line num="20" count="0" type="stmt"/>
        <line num="21" count="0" type="stmt"/>
        <line num="22" count="0" type="stmt"/>
        <line num="23" count="0" type="stmt"/>
        <line num="26" count="8" type="cond" truecount="1" falsecount="1"/>
        <line num="28" count="8" type="stmt"/>
        <line num="32" count="57" type="stmt"/>
        <line num="35" count="0" type="stmt"/>
        <line num="44" count="0" type="stmt"/>
        <line num="52" count="0" type="stmt"/>
        <line num="66" count="0" type="stmt"/>
        <line num="75" count="0" type="stmt"/>
      </file>
      <file name="SalaryInput.tsx" path="/home/paulograbin/Desktop/horasExtras/src/components/SalaryInput.tsx">
        <metrics statements="7" coveredstatements="7" conditionals="0" coveredconditionals="0" methods="2" coveredmethods="2"/>
        <line num="9" count="13" type="stmt"/>
        <line num="10" count="3" type="stmt"/>
        <line num="11" count="3" type="stmt"/>
        <line num="12" count="3" type="stmt"/>
        <line num="13" count="3" type="stmt"/>
        <line num="16" count="13" type="stmt"/>
        <line num="21" count="13" type="stmt"/>
      </file>
    </package>
    <package name="src.utils">
      <metrics statements="26" coveredstatements="15" conditionals="14" coveredconditionals="6" methods="9" coveredmethods="5"/>
      <file name="calculations.ts" path="/home/paulograbin/Desktop/horasExtras/src/utils/calculations.ts">
        <metrics statements="6" coveredstatements="6" conditionals="4" coveredconditionals="4" methods="4" coveredmethods="4"/>
        <line num="4" count="15" type="stmt"/>
        <line num="6" count="81" type="stmt"/>
        <line num="20" count="25" type="cond" truecount="4" falsecount="0"/>
        <line num="21" count="3" type="stmt"/>
        <line num="24" count="4" type="stmt"/>
        <line num="30" count="447" type="stmt"/>
      </file>
      <file name="logger.ts" path="/home/paulograbin/Desktop/horasExtras/src/utils/logger.ts">
        <metrics statements="20" coveredstatements="9" conditionals="10" coveredconditionals="2" methods="5" coveredmethods="1"/>
        <line num="7" count="3" type="stmt"/>
        <line num="8" count="3" type="stmt"/>
        <line num="9" count="3" type="stmt"/>
        <line num="12" count="0" type="cond" truecount="0" falsecount="2"/>
        <line num="13" count="0" type="stmt"/>
        <line num="14" count="0" type="stmt"/>
        <line num="15" count="0" type="stmt"/>
        <line num="19" count="0" type="cond" truecount="0" falsecount="2"/>
        <line num="20" count="0" type="stmt"/>
        <line num="21" count="0" type="stmt"/>
        <line num="22" count="0" type="stmt"/>
        <line num="26" count="3" type="cond" truecount="1" falsecount="1"/>
        <line num="27" count="3" type="stmt"/>
        <line num="28" count="0" type="cond" truecount="0" falsecount="2"/>
        <line num="33" count="8" type="stmt"/>
        <line num="39" count="8" type="cond" truecount="1" falsecount="1"/>
        <line num="40" count="8" type="stmt"/>
        <line num="41" count="8" type="stmt"/>
        <line num="44" count="0" type="stmt"/>
        <line num="45" count="0" type="stmt"/>
      </file>
    </package>
  </project>
</coverage>
