<?xml version="1.0" encoding="UTF-8"?>
<coverage generated="1777780839026" clover="3.2.0">
  <project timestamp="1777780839027" name="All files">
    <metrics statements="100" coveredstatements="70" conditionals="39" coveredconditionals="23" methods="43" coveredmethods="26" elements="182" coveredelements="119" complexity="0" loc="100" ncloc="100" packages="3" files="10" classes="10"/>
    <package name="src">
      <metrics statements="22" coveredstatements="16" conditionals="4" coveredconditionals="4" methods="12" coveredmethods="6"/>
      <file name="App.tsx" path="/Users/I841059/Desktop/horasExtras/src/App.tsx">
        <metrics statements="20" coveredstatements="14" conditionals="4" coveredconditionals="4" methods="12" coveredmethods="6"/>
        <line num="13" count="8" type="stmt"/>
        <line num="14" count="7" type="stmt"/>
        <line num="15" count="7" type="cond" truecount="2" falsecount="0"/>
        <line num="18" count="8" type="stmt"/>
        <line num="19" count="7" type="stmt"/>
        <line num="20" count="7" type="cond" truecount="2" falsecount="0"/>
        <line num="23" count="8" type="stmt"/>
        <line num="24" count="8" type="stmt"/>
        <line num="27" count="8" type="stmt"/>
        <line num="28" count="7" type="stmt"/>
        <line num="31" count="8" type="stmt"/>
        <line num="36" count="8" type="stmt"/>
        <line num="37" count="0" type="stmt"/>
        <line num="38" count="0" type="stmt"/>
        <line num="39" count="0" type="stmt"/>
        <line num="42" count="8" type="stmt"/>
        <line num="43" count="0" type="stmt"/>
        <line num="49" count="0" type="stmt"/>
        <line num="50" count="0" type="stmt"/>
        <line num="53" count="8" type="stmt"/>
      </file>
      <file name="config.ts" path="/Users/I841059/Desktop/horasExtras/src/config.ts">
        <metrics statements="2" coveredstatements="2" conditionals="0" coveredconditionals="0" methods="0" coveredmethods="0"/>
        <line num="3" count="1" type="stmt"/>
        <line num="5" count="1" type="stmt"/>
      </file>
    </package>
    <package name="src.components">
      <metrics statements="54" coveredstatements="41" conditionals="25" coveredconditionals="17" methods="23" coveredmethods="16"/>
      <file name="BandCard.tsx" path="/Users/I841059/Desktop/horasExtras/src/components/BandCard.tsx">
        <metrics statements="7" coveredstatements="7" conditionals="4" coveredconditionals="4" methods="2" coveredmethods="2"/>
        <line num="10" count="61" type="cond" truecount="2" falsecount="0"/>
        <line num="11" count="54" type="cond" truecount="2" falsecount="0"/>
        <line num="12" count="39" type="stmt"/>
        <line num="15" count="2" type="stmt"/>
        <line num="39" count="61" type="stmt"/>
        <line num="40" count="61" type="stmt"/>
        <line num="42" count="61" type="stmt"/>
      </file>
      <file name="Footer.tsx" path="/Users/I841059/Desktop/horasExtras/src/components/Footer.tsx">
        <metrics statements="1" coveredstatements="1" conditionals="0" coveredconditionals="0" methods="1" coveredmethods="1"/>
        <line num="2" count="8" type="stmt"/>
      </file>
      <file name="Header.tsx" path="/Users/I841059/Desktop/horasExtras/src/components/Header.tsx">
        <metrics statements="1" coveredstatements="1" conditionals="0" coveredconditionals="0" methods="1" coveredmethods="1"/>
        <line num="2" count="8" type="stmt"/>
      </file>
      <file name="HoursCalculator.tsx" path="/Users/I841059/Desktop/horasExtras/src/components/HoursCalculator.tsx">
        <metrics statements="19" coveredstatements="18" conditionals="12" coveredconditionals="11" methods="9" coveredmethods="8"/>
        <line num="6" count="2" type="stmt"/>
        <line num="18" count="20" type="stmt"/>
        <line num="19" count="14" type="stmt"/>
        <line num="20" count="14" type="cond" truecount="2" falsecount="0"/>
        <line num="23" count="20" type="stmt"/>
        <line num="24" count="19" type="stmt"/>
        <line num="27" count="20" type="stmt"/>
        <line num="28" count="5" type="stmt"/>
        <line num="29" count="5" type="cond" truecount="1" falsecount="1"/>
        <line num="30" count="5" type="stmt"/>
        <line num="31" count="5" type="stmt"/>
        <line num="34" count="20" type="stmt"/>
        <line num="35" count="81" type="cond" truecount="2" falsecount="0"/>
        <line num="39" count="20" type="stmt"/>
        <line num="56" count="81" type="cond" truecount="2" falsecount="0"/>
        <line num="57" count="81" type="stmt"/>
        <line num="59" count="81" type="stmt"/>
        <line num="77" count="5" type="stmt"/>
        <line num="102" count="0" type="stmt"/>
      </file>
      <file name="ResultsGrid.tsx" path="/Users/I841059/Desktop/horasExtras/src/components/ResultsGrid.tsx">
        <metrics statements="19" coveredstatements="7" conditionals="9" coveredconditionals="2" methods="8" coveredmethods="2"/>
        <line num="12" count="8" type="stmt"/>
        <line num="13" count="8" type="stmt"/>
        <line num="14" count="8" type="stmt"/>
        <line num="16" count="8" type="stmt"/>
        <line num="17" count="0" type="stmt"/>
        <line num="18" count="0" type="stmt"/>
        <line num="19" count="0" type="cond" truecount="0" falsecount="5"/>
        <line num="20" count="0" type="stmt"/>
        <line num="21" count="0" type="stmt"/>
        <line num="22" count="0" type="stmt"/>
        <line num="23" count="0" type="stmt"/>
        <line num="26" count="8" type="cond" truecount="1" falsecount="1"/>
        <line num="28" count="8" type="stmt"/>
        <line num="32" count="57" type="stmt"/>
        <line num="35" count="0" type="stmt"/>
        <line num="44" count="0" type="stmt"/>
        <line num="52" count="0" type="stmt"/>
        <line num="66" count="0" type="stmt"/>
        <line num="75" count="0" type="stmt"/>
      </file>
      <file name="SalaryInput.tsx" path="/Users/I841059/Desktop/horasExtras/src/components/SalaryInput.tsx">
        <metrics statements="7" coveredstatements="7" conditionals="0" coveredconditionals="0" methods="2" coveredmethods="2"/>
        <line num="9" count="13" type="stmt"/>
        <line num="10" count="3" type="stmt"/>
        <line num="11" count="3" type="stmt"/>
        <line num="12" count="3" type="stmt"/>
        <line num="13" count="3" type="stmt"/>
        <line num="16" count="13" type="stmt"/>
        <line num="21" count="13" type="stmt"/>
      </file>
    </package>
    <package name="src.utils">
      <metrics statements="24" coveredstatements="13" conditionals="10" coveredconditionals="2" methods="8" coveredmethods="4"/>
      <file name="calculations.ts" path="/Users/I841059/Desktop/horasExtras/src/utils/calculations.ts">
        <metrics statements="4" coveredstatements="4" conditionals="0" coveredconditionals="0" methods="3" coveredmethods="3"/>
        <line num="4" count="15" type="stmt"/>
        <line num="6" count="81" type="stmt"/>
        <line num="13" count="4" type="stmt"/>
        <line num="19" count="407" type="stmt"/>
      </file>
      <file name="logger.ts" path="/Users/I841059/Desktop/horasExtras/src/utils/logger.ts">
        <metrics statements="20" coveredstatements="9" conditionals="10" coveredconditionals="2" methods="5" coveredmethods="1"/>
        <line num="7" count="3" type="stmt"/>
        <line num="8" count="3" type="stmt"/>
        <line num="9" count="3" type="stmt"/>
        <line num="12" count="0" type="cond" truecount="0" falsecount="2"/>
        <line num="13" count="0" type="stmt"/>
        <line num="14" count="0" type="stmt"/>
        <line num="15" count="0" type="stmt"/>
        <line num="19" count="0" type="cond" truecount="0" falsecount="2"/>
        <line num="20" count="0" type="stmt"/>
        <line num="21" count="0" type="stmt"/>
        <line num="22" count="0" type="stmt"/>
        <line num="26" count="3" type="cond" truecount="1" falsecount="1"/>
        <line num="27" count="3" type="stmt"/>
        <line num="28" count="0" type="cond" truecount="0" falsecount="2"/>
        <line num="33" count="8" type="stmt"/>
        <line num="39" count="8" type="cond" truecount="1" falsecount="1"/>
        <line num="40" count="8" type="stmt"/>
        <line num="41" count="8" type="stmt"/>
        <line num="44" count="0" type="stmt"/>
        <line num="45" count="0" type="stmt"/>
      </file>
    </package>
  </project>
</coverage>
