{"/Users/I841059/Desktop/horasExtras/src/App.tsx": {"path":"/Users/I841059/Desktop/horasExtras/src/App.tsx","statementMap":{"0":{"start":{"line":13,"column":17},"end":{"line":16,"column":null}},"1":{"start":{"line":14,"column":18},"end":{"line":14,"column":48}},"2":{"start":{"line":15,"column":4},"end":{"line":15,"column":null}},"3":{"start":{"line":18,"column":16},"end":{"line":21,"column":null}},"4":{"start":{"line":19,"column":18},"end":{"line":19,"column":47}},"5":{"start":{"line":20,"column":4},"end":{"line":20,"column":null}},"6":{"start":{"line":23,"column":21},"end":{"line":23,"column":53}},"7":{"start":{"line":24,"column":22},"end":{"line":24,"column":69}},"8":{"start":{"line":26,"column":2},"end":{"line":28,"column":null}},"9":{"start":{"line":27,"column":4},"end":{"line":27,"column":null}},"10":{"start":{"line":30,"column":2},"end":{"line":32,"column":null}},"11":{"start":{"line":31,"column":4},"end":{"line":31,"column":null}},"12":{"start":{"line":34,"column":8},"end":{"line":36,"column":null}},"13":{"start":{"line":34,"column":18},"end":{"line":35,"column":75}},"14":{"start":{"line":39,"column":8},"end":{"line":41,"column":null}},"15":{"start":{"line":40,"column":4},"end":{"line":40,"column":null}},"16":{"start":{"line":41,"column":4},"end":{"line":41,"column":null}},"17":{"start":{"line":44,"column":2},"end":{"line":57,"column":null}},"18":{"start":{"line":46,"column":36},"end":{"line":46,"column":58}},"19":{"start":{"line":46,"column":58},"end":{"line":46,"column":84}},"20":{"start":{"line":55,"column":25},"end":{"line":55,"column":45}}},"fnMap":{"0":{"name":"App","decl":{"start":{"line":12,"column":9},"end":{"line":12,"column":15}},"loc":{"start":{"line":12,"column":15},"end":{"line":57,"column":null}},"line":12},"1":{"name":"(anonymous_1)","decl":{"start":{"line":13,"column":30},"end":{"line":13,"column":45}},"loc":{"start":{"line":13,"column":45},"end":{"line":16,"column":null}},"line":13},"2":{"name":"(anonymous_2)","decl":{"start":{"line":18,"column":28},"end":{"line":18,"column":51}},"loc":{"start":{"line":18,"column":51},"end":{"line":21,"column":null}},"line":18},"3":{"name":"(anonymous_3)","decl":{"start":{"line":26,"column":2},"end":{"line":26,"column":18}},"loc":{"start":{"line":26,"column":18},"end":{"line":28,"column":6}},"line":26},"4":{"name":"(anonymous_4)","decl":{"start":{"line":30,"column":2},"end":{"line":30,"column":18}},"loc":{"start":{"line":30,"column":18},"end":{"line":32,"column":6}},"line":30},"5":{"name":"(anonymous_5)","decl":{"start":{"line":34,"column":18},"end":{"line":34,"column":null}},"loc":{"start":{"line":34,"column":18},"end":{"line":35,"column":75}},"line":34},"6":{"name":"(anonymous_6)","decl":{"start":{"line":39,"column":8},"end":{"line":39,"column":29}},"loc":{"start":{"line":39,"column":48},"end":{"line":41,"column":null}},"line":39},"7":{"name":"(anonymous_7)","decl":{"start":{"line":46,"column":14},"end":{"line":46,"column":34}},"loc":{"start":{"line":46,"column":34},"end":{"line":46,"column":null}},"line":46},"8":{"name":"(anonymous_8)","decl":{"start":{"line":55,"column":10},"end":{"line":55,"column":25}},"loc":{"start":{"line":55,"column":25},"end":{"line":55,"column":45}},"line":55}},"branchMap":{"0":{"loc":{"start":{"line":15,"column":11},"end":{"line":15,"column":null}},"type":"cond-expr","locations":[{"start":{"line":15,"column":19},"end":{"line":15,"column":32}},{"start":{"line":15,"column":35},"end":{"line":15,"column":null}}],"line":15},"1":{"loc":{"start":{"line":20,"column":11},"end":{"line":20,"column":null}},"type":"cond-expr","locations":[{"start":{"line":20,"column":19},"end":{"line":20,"column":36}},{"start":{"line":20,"column":39},"end":{"line":20,"column":null}}],"line":20},"2":{"loc":{"start":{"line":51,"column":7},"end":{"line":57,"column":null}},"type":"binary-expr","locations":[{"start":{"line":51,"column":7},"end":{"line":51,"column":null}},{"start":{"line":52,"column":8},"end":{"line":57,"column":null}}],"line":51}},"s":{"0":10,"1":8,"2":8,"3":10,"4":8,"5":8,"6":10,"7":10,"8":10,"9":9,"10":10,"11":8,"12":10,"13":9,"14":10,"15":0,"16":0,"17":10,"18":1,"19":1,"20":0},"f":{"0":10,"1":8,"2":8,"3":9,"4":8,"5":9,"6":0,"7":1,"8":0},"b":{"0":[1,7],"1":[1,7],"2":[10,1]},"meta":{"lastBranch":3,"lastFunction":9,"lastStatement":21,"seen":{"f:12:9:12:15":0,"s:13:17:16:Infinity":0,"f:13:30:13:45":1,"s:14:18:14:48":1,"s:15:4:15:Infinity":2,"b:15:19:15:32:15:35:15:Infinity":0,"s:18:16:21:Infinity":3,"f:18:28:18:51":2,"s:19:18:19:47":4,"s:20:4:20:Infinity":5,"b:20:19:20:36:20:39:20:Infinity":1,"s:23:21:23:53":6,"s:24:22:24:69":7,"s:26:2:28:Infinity":8,"f:26:2:26:18":3,"s:27:4:27:Infinity":9,"s:30:2:32:Infinity":10,"f:30:2:30:18":4,"s:31:4:31:Infinity":11,"s:34:8:36:Infinity":12,"f:34:18:34:Infinity":5,"s:34:18:35:75":13,"s:39:8:41:Infinity":14,"f:39:8:39:29":6,"s:40:4:40:Infinity":15,"s:41:4:41:Infinity":16,"s:44:2:57:Infinity":17,"f:46:14:46:34":7,"s:46:36:46:58":18,"s:46:58:46:84":19,"b:51:7:51:Infinity:52:8:57:Infinity":2,"f:55:10:55:25":8,"s:55:25:55:45":20}}}
,"/Users/I841059/Desktop/horasExtras/src/config.ts": {"path":"/Users/I841059/Desktop/horasExtras/src/config.ts","statementMap":{"0":{"start":{"line":3,"column":29},"end":{"line":3,"column":null}},"1":{"start":{"line":5,"column":37},"end":{"line":54,"column":null}}},"fnMap":{},"branchMap":{},"s":{"0":2,"1":2},"f":{},"b":{},"meta":{"lastBranch":0,"lastFunction":0,"lastStatement":2,"seen":{"s:3:29:3:Infinity":0,"s:5:37:54:Infinity":1}}}
,"/Users/I841059/Desktop/horasExtras/src/components/BandCard.tsx": {"path":"/Users/I841059/Desktop/horasExtras/src/components/BandCard.tsx","statementMap":{"0":{"start":{"line":10,"column":22},"end":{"line":10,"column":null}},"1":{"start":{"line":13,"column":2},"end":{"line":13,"column":null}},"2":{"start":{"line":13,"column":35},"end":{"line":13,"column":null}},"3":{"start":{"line":14,"column":2},"end":{"line":14,"column":null}},"4":{"start":{"line":14,"column":19},"end":{"line":14,"column":null}},"5":{"start":{"line":15,"column":2},"end":{"line":15,"column":null}},"6":{"start":{"line":18,"column":92},"end":{"line":39,"column":null}},"7":{"start":{"line":42,"column":30},"end":{"line":42,"column":null}},"8":{"start":{"line":43,"column":17},"end":{"line":43,"column":null}},"9":{"start":{"line":44,"column":8},"end":{"line":44,"column":69}},"10":{"start":{"line":45,"column":8},"end":{"line":45,"column":32}},"11":{"start":{"line":46,"column":8},"end":{"line":46,"column":41}},"12":{"start":{"line":48,"column":8},"end":{"line":53,"column":8}},"13":{"start":{"line":49,"column":4},"end":{"line":51,"column":null}},"14":{"start":{"line":50,"column":6},"end":{"line":50,"column":null}},"15":{"start":{"line":51,"column":6},"end":{"line":51,"column":null}},"16":{"start":{"line":55,"column":8},"end":{"line":61,"column":null}},"17":{"start":{"line":56,"column":4},"end":{"line":56,"column":null}},"18":{"start":{"line":57,"column":4},"end":{"line":57,"column":null}},"19":{"start":{"line":58,"column":4},"end":{"line":61,"column":null}},"20":{"start":{"line":59,"column":6},"end":{"line":59,"column":null}},"21":{"start":{"line":60,"column":6},"end":{"line":60,"column":null}},"22":{"start":{"line":64,"column":8},"end":{"line":69,"column":null}},"23":{"start":{"line":65,"column":4},"end":{"line":65,"column":null}},"24":{"start":{"line":65,"column":27},"end":{"line":65,"column":null}},"25":{"start":{"line":66,"column":15},"end":{"line":66,"column":null}},"26":{"start":{"line":67,"column":15},"end":{"line":67,"column":null}},"27":{"start":{"line":68,"column":4},"end":{"line":69,"column":null}},"28":{"start":{"line":69,"column":6},"end":{"line":69,"column":null}},"29":{"start":{"line":73,"column":8},"end":{"line":74,"column":null}},"30":{"start":{"line":74,"column":4},"end":{"line":74,"column":null}},"31":{"start":{"line":77,"column":8},"end":{"line":79,"column":null}},"32":{"start":{"line":78,"column":4},"end":{"line":79,"column":null}},"33":{"start":{"line":79,"column":6},"end":{"line":79,"column":null}},"34":{"start":{"line":83,"column":2},"end":{"line":104,"column":null}}},"fnMap":{"0":{"name":"formatMultiplier","decl":{"start":{"line":12,"column":9},"end":{"line":12,"column":26}},"loc":{"start":{"line":12,"column":45},"end":{"line":15,"column":null}},"line":12},"1":{"name":"BandCard","decl":{"start":{"line":41,"column":16},"end":{"line":41,"column":25}},"loc":{"start":{"line":41,"column":65},"end":{"line":104,"column":null}},"line":41},"2":{"name":"(anonymous_2)","decl":{"start":{"line":48,"column":21},"end":{"line":48,"column":39}},"loc":{"start":{"line":48,"column":39},"end":{"line":53,"column":7}},"line":48},"3":{"name":"(anonymous_3)","decl":{"start":{"line":55,"column":8},"end":{"line":55,"column":29}},"loc":{"start":{"line":55,"column":55},"end":{"line":61,"column":null}},"line":55},"4":{"name":"(anonymous_4)","decl":{"start":{"line":58,"column":23},"end":{"line":58,"column":40}},"loc":{"start":{"line":58,"column":40},"end":{"line":61,"column":21}},"line":58},"5":{"name":"(anonymous_5)","decl":{"start":{"line":64,"column":8},"end":{"line":64,"column":29}},"loc":{"start":{"line":64,"column":55},"end":{"line":69,"column":null}},"line":64},"6":{"name":"(anonymous_6)","decl":{"start":{"line":73,"column":8},"end":{"line":73,"column":32}},"loc":{"start":{"line":73,"column":32},"end":{"line":74,"column":null}},"line":73},"7":{"name":"(anonymous_7)","decl":{"start":{"line":77,"column":8},"end":{"line":77,"column":29}},"loc":{"start":{"line":77,"column":53},"end":{"line":79,"column":null}},"line":77}},"branchMap":{"0":{"loc":{"start":{"line":13,"column":2},"end":{"line":13,"column":null}},"type":"if","locations":[{"start":{"line":13,"column":2},"end":{"line":13,"column":null}},{"start":{},"end":{}}],"line":13},"1":{"loc":{"start":{"line":14,"column":2},"end":{"line":14,"column":null}},"type":"if","locations":[{"start":{"line":14,"column":2},"end":{"line":14,"column":null}},{"start":{},"end":{}}],"line":14},"2":{"loc":{"start":{"line":49,"column":4},"end":{"line":51,"column":null}},"type":"if","locations":[{"start":{"line":49,"column":4},"end":{"line":51,"column":null}},{"start":{},"end":{}}],"line":49},"3":{"loc":{"start":{"line":65,"column":4},"end":{"line":65,"column":null}},"type":"if","locations":[{"start":{"line":65,"column":4},"end":{"line":65,"column":null}},{"start":{},"end":{}}],"line":65},"4":{"loc":{"start":{"line":68,"column":4},"end":{"line":69,"column":null}},"type":"if","locations":[{"start":{"line":68,"column":4},"end":{"line":69,"column":null}},{"start":{},"end":{}}],"line":68},"5":{"loc":{"start":{"line":78,"column":4},"end":{"line":79,"column":null}},"type":"if","locations":[{"start":{"line":78,"column":4},"end":{"line":79,"column":null}},{"start":{},"end":{}}],"line":78}},"s":{"0":2,"1":80,"2":9,"3":71,"4":71,"5":52,"6":2,"7":80,"8":80,"9":80,"10":80,"11":80,"12":80,"13":2,"14":2,"15":2,"16":80,"17":3,"18":3,"19":3,"20":1,"21":1,"22":80,"23":1,"24":0,"25":1,"26":1,"27":1,"28":1,"29":80,"30":1,"31":80,"32":0,"33":0,"34":80},"f":{"0":80,"1":80,"2":2,"3":3,"4":1,"5":1,"6":1,"7":0},"b":{"0":[9,71],"1":[19,52],"2":[2,0],"3":[0,1],"4":[1,0],"5":[0,0]},"meta":{"lastBranch":6,"lastFunction":8,"lastStatement":35,"seen":{"s:10:22:10:Infinity":0,"f:12:9:12:26":0,"b:13:2:13:Infinity:undefined:undefined:undefined:undefined":0,"s:13:2:13:Infinity":1,"s:13:35:13:Infinity":2,"b:14:2:14:Infinity:undefined:undefined:undefined:undefined":1,"s:14:2:14:Infinity":3,"s:14:19:14:Infinity":4,"s:15:2:15:Infinity":5,"s:18:92:39:Infinity":6,"f:41:16:41:25":1,"s:42:30:42:Infinity":7,"s:43:17:43:Infinity":8,"s:44:8:44:69":9,"s:45:8:45:32":10,"s:46:8:46:41":11,"s:48:8:53:8":12,"f:48:21:48:39":2,"b:49:4:51:Infinity:undefined:undefined:undefined:undefined":2,"s:49:4:51:Infinity":13,"s:50:6:50:Infinity":14,"s:51:6:51:Infinity":15,"s:55:8:61:Infinity":16,"f:55:8:55:29":3,"s:56:4:56:Infinity":17,"s:57:4:57:Infinity":18,"s:58:4:61:Infinity":19,"f:58:23:58:40":4,"s:59:6:59:Infinity":20,"s:60:6:60:Infinity":21,"s:64:8:69:Infinity":22,"f:64:8:64:29":5,"b:65:4:65:Infinity:undefined:undefined:undefined:undefined":3,"s:65:4:65:Infinity":23,"s:65:27:65:Infinity":24,"s:66:15:66:Infinity":25,"s:67:15:67:Infinity":26,"b:68:4:69:Infinity:undefined:undefined:undefined:undefined":4,"s:68:4:69:Infinity":27,"s:69:6:69:Infinity":28,"s:73:8:74:Infinity":29,"f:73:8:73:32":6,"s:74:4:74:Infinity":30,"s:77:8:79:Infinity":31,"f:77:8:77:29":7,"b:78:4:79:Infinity:undefined:undefined:undefined:undefined":5,"s:78:4:79:Infinity":32,"s:79:6:79:Infinity":33,"s:83:2:104:Infinity":34}}}
,"/Users/I841059/Desktop/horasExtras/src/components/BandEditor.tsx": {"path":"/Users/I841059/Desktop/horasExtras/src/components/BandEditor.tsx","statementMap":{"0":{"start":{"line":13,"column":61},"end":{"line":18,"column":null}},"1":{"start":{"line":21,"column":16},"end":{"line":21,"column":51}},"2":{"start":{"line":22,"column":24},"end":{"line":22,"column":73}},"3":{"start":{"line":23,"column":8},"end":{"line":23,"column":46}},"4":{"start":{"line":25,"column":2},"end":{"line":34,"column":null}},"5":{"start":{"line":26,"column":4},"end":{"line":31,"column":null}},"6":{"start":{"line":27,"column":17},"end":{"line":27,"column":81}},"7":{"start":{"line":28,"column":6},"end":{"line":31,"column":null}},"8":{"start":{"line":29,"column":8},"end":{"line":29,"column":null}},"9":{"start":{"line":30,"column":8},"end":{"line":30,"column":null}},"10":{"start":{"line":31,"column":8},"end":{"line":31,"column":null}},"11":{"start":{"line":31,"column":25},"end":{"line":31,"column":71}},"12":{"start":{"line":36,"column":8},"end":{"line":39,"column":null}},"13":{"start":{"line":37,"column":4},"end":{"line":39,"column":null}},"14":{"start":{"line":38,"column":6},"end":{"line":38,"column":63}},"15":{"start":{"line":38,"column":23},"end":{"line":38,"column":63}},"16":{"start":{"line":42,"column":8},"end":{"line":46,"column":null}},"17":{"start":{"line":43,"column":17},"end":{"line":43,"column":47}},"18":{"start":{"line":43,"column":35},"end":{"line":43,"column":47}},"19":{"start":{"line":44,"column":4},"end":{"line":44,"column":null}},"20":{"start":{"line":45,"column":4},"end":{"line":45,"column":null}},"21":{"start":{"line":45,"column":23},"end":{"line":45,"column":54}},"22":{"start":{"line":45,"column":42},"end":{"line":45,"column":54}},"23":{"start":{"line":46,"column":4},"end":{"line":46,"column":null}},"24":{"start":{"line":49,"column":8},"end":{"line":57,"column":null}},"25":{"start":{"line":50,"column":26},"end":{"line":55,"column":null}},"26":{"start":{"line":56,"column":4},"end":{"line":56,"column":null}},"27":{"start":{"line":57,"column":4},"end":{"line":57,"column":null}},"28":{"start":{"line":57,"column":23},"end":{"line":57,"column":41}},"29":{"start":{"line":60,"column":8},"end":{"line":63,"column":null}},"30":{"start":{"line":61,"column":4},"end":{"line":61,"column":null}},"31":{"start":{"line":62,"column":4},"end":{"line":62,"column":null}},"32":{"start":{"line":63,"column":4},"end":{"line":63,"column":null}},"33":{"start":{"line":66,"column":8},"end":{"line":68,"column":null}},"34":{"start":{"line":67,"column":4},"end":{"line":67,"column":null}},"35":{"start":{"line":68,"column":4},"end":{"line":68,"column":null}},"36":{"start":{"line":71,"column":2},"end":{"line":207,"column":null}},"37":{"start":{"line":101,"column":12},"end":{"line":182,"column":null}},"38":{"start":{"line":110,"column":35},"end":{"line":110,"column":80}},"39":{"start":{"line":117,"column":37},"end":{"line":117,"column":56}},"40":{"start":{"line":123,"column":37},"end":{"line":123,"column":59}},"41":{"start":{"line":131,"column":35},"end":{"line":131,"column":60}},"42":{"start":{"line":154,"column":22},"end":{"line":156,"column":24}},"43":{"start":{"line":168,"column":22},"end":{"line":170,"column":24}},"44":{"start":{"line":175,"column":22},"end":{"line":177,"column":null}}},"fnMap":{"0":{"name":"BandEditor","decl":{"start":{"line":20,"column":16},"end":{"line":20,"column":27}},"loc":{"start":{"line":20,"column":87},"end":{"line":207,"column":null}},"line":20},"1":{"name":"(anonymous_1)","decl":{"start":{"line":25,"column":2},"end":{"line":25,"column":18}},"loc":{"start":{"line":25,"column":18},"end":{"line":34,"column":6}},"line":25},"2":{"name":"(anonymous_2)","decl":{"start":{"line":31,"column":8},"end":{"line":31,"column":25}},"loc":{"start":{"line":31,"column":25},"end":{"line":31,"column":71}},"line":31},"3":{"name":"(anonymous_3)","decl":{"start":{"line":36,"column":8},"end":{"line":36,"column":22}},"loc":{"start":{"line":36,"column":61},"end":{"line":39,"column":null}},"line":36},"4":{"name":"(anonymous_4)","decl":{"start":{"line":37,"column":4},"end":{"line":37,"column":14}},"loc":{"start":{"line":38,"column":6},"end":{"line":38,"column":63}},"line":38},"5":{"name":"(anonymous_5)","decl":{"start":{"line":38,"column":11},"end":{"line":38,"column":16}},"loc":{"start":{"line":38,"column":23},"end":{"line":38,"column":63}},"line":38},"6":{"name":"(anonymous_6)","decl":{"start":{"line":42,"column":8},"end":{"line":42,"column":22}},"loc":{"start":{"line":42,"column":37},"end":{"line":46,"column":null}},"line":42},"7":{"name":"(anonymous_7)","decl":{"start":{"line":43,"column":23},"end":{"line":43,"column":29}},"loc":{"start":{"line":43,"column":35},"end":{"line":43,"column":47}},"line":43},"8":{"name":"(anonymous_8)","decl":{"start":{"line":45,"column":4},"end":{"line":45,"column":14}},"loc":{"start":{"line":45,"column":23},"end":{"line":45,"column":54}},"line":45},"9":{"name":"(anonymous_9)","decl":{"start":{"line":45,"column":28},"end":{"line":45,"column":36}},"loc":{"start":{"line":45,"column":42},"end":{"line":45,"column":54}},"line":45},"10":{"name":"(anonymous_10)","decl":{"start":{"line":49,"column":8},"end":{"line":49,"column":24}},"loc":{"start":{"line":49,"column":24},"end":{"line":57,"column":null}},"line":49},"11":{"name":"(anonymous_11)","decl":{"start":{"line":57,"column":4},"end":{"line":57,"column":14}},"loc":{"start":{"line":57,"column":23},"end":{"line":57,"column":41}},"line":57},"12":{"name":"(anonymous_12)","decl":{"start":{"line":60,"column":8},"end":{"line":60,"column":27}},"loc":{"start":{"line":60,"column":27},"end":{"line":63,"column":null}},"line":60},"13":{"name":"(anonymous_13)","decl":{"start":{"line":66,"column":8},"end":{"line":66,"column":28}},"loc":{"start":{"line":66,"column":28},"end":{"line":68,"column":null}},"line":66},"14":{"name":"(anonymous_14)","decl":{"start":{"line":100,"column":17},"end":{"line":100,"column":22}},"loc":{"start":{"line":101,"column":12},"end":{"line":182,"column":null}},"line":101},"15":{"name":"(anonymous_15)","decl":{"start":{"line":110,"column":18},"end":{"line":110,"column":29}},"loc":{"start":{"line":110,"column":35},"end":{"line":110,"column":80}},"line":110},"16":{"name":"(anonymous_16)","decl":{"start":{"line":117,"column":22},"end":{"line":117,"column":37}},"loc":{"start":{"line":117,"column":37},"end":{"line":117,"column":56}},"line":117},"17":{"name":"(anonymous_17)","decl":{"start":{"line":123,"column":22},"end":{"line":123,"column":37}},"loc":{"start":{"line":123,"column":37},"end":{"line":123,"column":59}},"line":123},"18":{"name":"(anonymous_18)","decl":{"start":{"line":131,"column":20},"end":{"line":131,"column":35}},"loc":{"start":{"line":131,"column":35},"end":{"line":131,"column":60}},"line":131},"19":{"name":"(anonymous_19)","decl":{"start":{"line":153,"column":20},"end":{"line":153,"column":31}},"loc":{"start":{"line":154,"column":22},"end":{"line":156,"column":24}},"line":154},"20":{"name":"(anonymous_20)","decl":{"start":{"line":167,"column":20},"end":{"line":167,"column":31}},"loc":{"start":{"line":168,"column":22},"end":{"line":170,"column":24}},"line":168},"21":{"name":"(anonymous_21)","decl":{"start":{"line":174,"column":32},"end":{"line":174,"column":37}},"loc":{"start":{"line":175,"column":22},"end":{"line":177,"column":null}},"line":175}},"branchMap":{"0":{"loc":{"start":{"line":26,"column":4},"end":{"line":31,"column":null}},"type":"if","locations":[{"start":{"line":26,"column":4},"end":{"line":31,"column":null}},{"start":{},"end":{}}],"line":26},"1":{"loc":{"start":{"line":26,"column":8},"end":{"line":26,"column":40}},"type":"binary-expr","locations":[{"start":{"line":26,"column":8},"end":{"line":26,"column":23}},{"start":{"line":26,"column":23},"end":{"line":26,"column":40}}],"line":26},"2":{"loc":{"start":{"line":28,"column":6},"end":{"line":31,"column":null}},"type":"if","locations":[{"start":{"line":28,"column":6},"end":{"line":31,"column":null}},{"start":{},"end":{}}],"line":28},"3":{"loc":{"start":{"line":38,"column":23},"end":{"line":38,"column":63}},"type":"cond-expr","locations":[{"start":{"line":38,"column":37},"end":{"line":38,"column":60}},{"start":{"line":38,"column":60},"end":{"line":38,"column":63}}],"line":38},"4":{"loc":{"start":{"line":114,"column":17},"end":{"line":139,"column":null}},"type":"cond-expr","locations":[{"start":{"line":115,"column":18},"end":{"line":130,"column":19}},{"start":{"line":130,"column":18},"end":{"line":139,"column":null}}],"line":114},"5":{"loc":{"start":{"line":155,"column":36},"end":{"line":155,"column":null}},"type":"binary-expr","locations":[{"start":{"line":155,"column":36},"end":{"line":155,"column":62}},{"start":{"line":155,"column":66},"end":{"line":155,"column":null}}],"line":155}},"s":{"0":2,"1":21,"2":21,"3":21,"4":21,"5":11,"6":0,"7":0,"8":0,"9":0,"10":0,"11":0,"12":21,"13":3,"14":3,"15":6,"16":21,"17":1,"18":1,"19":1,"20":1,"21":1,"22":2,"23":1,"24":21,"25":1,"26":1,"27":1,"28":1,"29":21,"30":1,"31":1,"32":1,"33":21,"34":1,"35":1,"36":21,"37":54,"38":2,"39":1,"40":1,"41":3,"42":1,"43":0,"44":216},"f":{"0":21,"1":11,"2":0,"3":3,"4":3,"5":6,"6":1,"7":1,"8":1,"9":2,"10":1,"11":1,"12":1,"13":1,"14":54,"15":2,"16":1,"17":1,"18":3,"19":1,"20":0,"21":216},"b":{"0":[0,11],"1":[11,0],"2":[0,0],"3":[3,3],"4":[3,51],"5":[1,0]},"meta":{"lastBranch":6,"lastFunction":22,"lastStatement":45,"seen":{"s:13:61:18:Infinity":0,"f:20:16:20:27":0,"s:21:16:21:51":1,"s:22:24:22:73":2,"s:23:8:23:46":3,"s:25:2:34:Infinity":4,"f:25:2:25:18":1,"b:26:4:31:Infinity:undefined:undefined:undefined:undefined":0,"s:26:4:31:Infinity":5,"b:26:8:26:23:26:23:26:40":1,"s:27:17:27:81":6,"b:28:6:31:Infinity:undefined:undefined:undefined:undefined":2,"s:28:6:31:Infinity":7,"s:29:8:29:Infinity":8,"s:30:8:30:Infinity":9,"s:31:8:31:Infinity":10,"f:31:8:31:25":2,"s:31:25:31:71":11,"s:36:8:39:Infinity":12,"f:36:8:36:22":3,"s:37:4:39:Infinity":13,"f:37:4:37:14":4,"s:38:6:38:63":14,"f:38:11:38:16":5,"s:38:23:38:63":15,"b:38:37:38:60:38:60:38:63":3,"s:42:8:46:Infinity":16,"f:42:8:42:22":6,"s:43:17:43:47":17,"f:43:23:43:29":7,"s:43:35:43:47":18,"s:44:4:44:Infinity":19,"s:45:4:45:Infinity":20,"f:45:4:45:14":8,"s:45:23:45:54":21,"f:45:28:45:36":9,"s:45:42:45:54":22,"s:46:4:46:Infinity":23,"s:49:8:57:Infinity":24,"f:49:8:49:24":10,"s:50:26:55:Infinity":25,"s:56:4:56:Infinity":26,"s:57:4:57:Infinity":27,"f:57:4:57:14":11,"s:57:23:57:41":28,"s:60:8:63:Infinity":29,"f:60:8:60:27":12,"s:61:4:61:Infinity":30,"s:62:4:62:Infinity":31,"s:63:4:63:Infinity":32,"s:66:8:68:Infinity":33,"f:66:8:66:28":13,"s:67:4:67:Infinity":34,"s:68:4:68:Infinity":35,"s:71:2:207:Infinity":36,"f:100:17:100:22":14,"s:101:12:182:Infinity":37,"f:110:18:110:29":15,"s:110:35:110:80":38,"b:115:18:130:19:130:18:139:Infinity":4,"f:117:22:117:37":16,"s:117:37:117:56":39,"f:123:22:123:37":17,"s:123:37:123:59":40,"f:131:20:131:35":18,"s:131:35:131:60":41,"f:153:20:153:31":19,"s:154:22:156:24":42,"b:155:36:155:62:155:66:155:Infinity":5,"f:167:20:167:31":20,"s:168:22:170:24":43,"f:174:32:174:37":21,"s:175:22:177:Infinity":44}}}
,"/Users/I841059/Desktop/horasExtras/src/components/Footer.tsx": {"path":"/Users/I841059/Desktop/horasExtras/src/components/Footer.tsx","statementMap":{"0":{"start":{"line":2,"column":2},"end":{"line":10,"column":null}}},"fnMap":{"0":{"name":"Footer","decl":{"start":{"line":1,"column":16},"end":{"line":1,"column":25}},"loc":{"start":{"line":1,"column":25},"end":{"line":10,"column":null}},"line":1}},"branchMap":{},"s":{"0":10},"f":{"0":10},"b":{},"meta":{"lastBranch":0,"lastFunction":1,"lastStatement":1,"seen":{"f:1:16:1:25":0,"s:2:2:10:Infinity":0}}}
,"/Users/I841059/Desktop/horasExtras/src/components/Header.tsx": {"path":"/Users/I841059/Desktop/horasExtras/src/components/Header.tsx","statementMap":{"0":{"start":{"line":6,"column":2},"end":{"line":21,"column":null}}},"fnMap":{"0":{"name":"Header","decl":{"start":{"line":5,"column":16},"end":{"line":5,"column":23}},"loc":{"start":{"line":5,"column":54},"end":{"line":21,"column":null}},"line":5}},"branchMap":{},"s":{"0":10},"f":{"0":10},"b":{},"meta":{"lastBranch":0,"lastFunction":1,"lastStatement":1,"seen":{"f:5:16:5:23":0,"s:6:2:21:Infinity":0}}}
,"/Users/I841059/Desktop/horasExtras/src/components/HoursCalculator.tsx": {"path":"/Users/I841059/Desktop/horasExtras/src/components/HoursCalculator.tsx","statementMap":{"0":{"start":{"line":6,"column":53},"end":{"line":11,"column":null}},"1":{"start":{"line":18,"column":16},"end":{"line":21,"column":null}},"2":{"start":{"line":19,"column":18},"end":{"line":19,"column":47}},"3":{"start":{"line":20,"column":4},"end":{"line":20,"column":null}},"4":{"start":{"line":23,"column":2},"end":{"line":25,"column":null}},"5":{"start":{"line":24,"column":4},"end":{"line":24,"column":null}},"6":{"start":{"line":27,"column":8},"end":{"line":31,"column":null}},"7":{"start":{"line":28,"column":19},"end":{"line":28,"column":38}},"8":{"start":{"line":29,"column":18},"end":{"line":29,"column":null}},"9":{"start":{"line":30,"column":4},"end":{"line":30,"column":null}},"10":{"start":{"line":31,"column":4},"end":{"line":31,"column":null}},"11":{"start":{"line":31,"column":24},"end":{"line":31,"column":54}},"12":{"start":{"line":34,"column":21},"end":{"line":36,"column":null}},"13":{"start":{"line":35,"column":16},"end":{"line":35,"column":null}},"14":{"start":{"line":39,"column":2},"end":{"line":121,"column":null}},"15":{"start":{"line":56,"column":20},"end":{"line":56,"column":null}},"16":{"start":{"line":57,"column":27},"end":{"line":57,"column":null}},"17":{"start":{"line":59,"column":10},"end":{"line":112,"column":null}},"18":{"start":{"line":77,"column":35},"end":{"line":77,"column":84}},"19":{"start":{"line":102,"column":37},"end":{"line":102,"column":86}}},"fnMap":{"0":{"name":"HoursCalculator","decl":{"start":{"line":17,"column":16},"end":{"line":17,"column":32}},"loc":{"start":{"line":17,"column":67},"end":{"line":121,"column":null}},"line":17},"1":{"name":"(anonymous_1)","decl":{"start":{"line":18,"column":28},"end":{"line":18,"column":67}},"loc":{"start":{"line":18,"column":67},"end":{"line":21,"column":null}},"line":18},"2":{"name":"(anonymous_2)","decl":{"start":{"line":23,"column":2},"end":{"line":23,"column":18}},"loc":{"start":{"line":23,"column":18},"end":{"line":25,"column":6}},"line":23},"3":{"name":"(anonymous_3)","decl":{"start":{"line":27,"column":8},"end":{"line":27,"column":29}},"loc":{"start":{"line":27,"column":63},"end":{"line":31,"column":null}},"line":27},"4":{"name":"(anonymous_4)","decl":{"start":{"line":31,"column":4},"end":{"line":31,"column":14}},"loc":{"start":{"line":31,"column":24},"end":{"line":31,"column":54}},"line":31},"5":{"name":"(anonymous_5)","decl":{"start":{"line":34,"column":29},"end":{"line":34,"column":null}},"loc":{"start":{"line":35,"column":16},"end":{"line":35,"column":null}},"line":35},"6":{"name":"(anonymous_6)","decl":{"start":{"line":55,"column":17},"end":{"line":55,"column":22}},"loc":{"start":{"line":55,"column":33},"end":{"line":114,"column":null}},"line":55},"7":{"name":"(anonymous_7)","decl":{"start":{"line":77,"column":18},"end":{"line":77,"column":29}},"loc":{"start":{"line":77,"column":35},"end":{"line":77,"column":84}},"line":77},"8":{"name":"(anonymous_8)","decl":{"start":{"line":102,"column":20},"end":{"line":102,"column":31}},"loc":{"start":{"line":102,"column":37},"end":{"line":102,"column":86}},"line":102}},"branchMap":{"0":{"loc":{"start":{"line":20,"column":11},"end":{"line":20,"column":41}},"type":"cond-expr","locations":[{"start":{"line":20,"column":19},"end":{"line":20,"column":36}},{"start":{"line":20,"column":39},"end":{"line":20,"column":41}}],"line":20},"1":{"loc":{"start":{"line":29,"column":18},"end":{"line":29,"column":null}},"type":"cond-expr","locations":[{"start":{"line":29,"column":34},"end":{"line":29,"column":38}},{"start":{"line":29,"column":38},"end":{"line":29,"column":null}}],"line":29},"2":{"loc":{"start":{"line":35,"column":37},"end":{"line":35,"column":null}},"type":"binary-expr","locations":[{"start":{"line":35,"column":37},"end":{"line":35,"column":57}},{"start":{"line":35,"column":57},"end":{"line":35,"column":null}}],"line":35},"3":{"loc":{"start":{"line":56,"column":20},"end":{"line":56,"column":null}},"type":"binary-expr","locations":[{"start":{"line":56,"column":20},"end":{"line":56,"column":45}},{"start":{"line":56,"column":45},"end":{"line":56,"column":null}}],"line":56},"4":{"loc":{"start":{"line":76,"column":25},"end":{"line":76,"column":null}},"type":"binary-expr","locations":[{"start":{"line":76,"column":25},"end":{"line":76,"column":30}},{"start":{"line":76,"column":30},"end":{"line":76,"column":null}}],"line":76},"5":{"loc":{"start":{"line":101,"column":27},"end":{"line":101,"column":null}},"type":"binary-expr","locations":[{"start":{"line":101,"column":27},"end":{"line":101,"column":32}},{"start":{"line":101,"column":32},"end":{"line":101,"column":null}}],"line":101}},"s":{"0":2,"1":22,"2":15,"3":15,"4":22,"5":20,"6":22,"7":5,"8":5,"9":5,"10":5,"11":5,"12":22,"13":97,"14":22,"15":97,"16":97,"17":97,"18":5,"19":0},"f":{"0":22,"1":15,"2":20,"3":5,"4":5,"5":97,"6":97,"7":5,"8":0},"b":{"0":[1,14],"1":[0,5],"2":[97,90],"3":[97,90],"4":[97,90],"5":[97,90]},"meta":{"lastBranch":6,"lastFunction":9,"lastStatement":20,"seen":{"s:6:53:11:Infinity":0,"f:17:16:17:32":0,"s:18:16:21:Infinity":1,"f:18:28:18:67":1,"s:19:18:19:47":2,"s:20:4:20:Infinity":3,"b:20:19:20:36:20:39:20:41":0,"s:23:2:25:Infinity":4,"f:23:2:23:18":2,"s:24:4:24:Infinity":5,"s:27:8:31:Infinity":6,"f:27:8:27:29":3,"s:28:19:28:38":7,"s:29:18:29:Infinity":8,"b:29:34:29:38:29:38:29:Infinity":1,"s:30:4:30:Infinity":9,"s:31:4:31:Infinity":10,"f:31:4:31:14":4,"s:31:24:31:54":11,"s:34:21:36:Infinity":12,"f:34:29:34:Infinity":5,"s:35:16:35:Infinity":13,"b:35:37:35:57:35:57:35:Infinity":2,"s:39:2:121:Infinity":14,"f:55:17:55:22":6,"s:56:20:56:Infinity":15,"b:56:20:56:45:56:45:56:Infinity":3,"s:57:27:57:Infinity":16,"s:59:10:112:Infinity":17,"b:76:25:76:30:76:30:76:Infinity":4,"f:77:18:77:29":7,"s:77:35:77:84":18,"b:101:27:101:32:101:32:101:Infinity":5,"f:102:20:102:31":8,"s:102:37:102:86":19}}}
,"/Users/I841059/Desktop/horasExtras/src/components/ResultsGrid.tsx": {"path":"/Users/I841059/Desktop/horasExtras/src/components/ResultsGrid.tsx","statementMap":{"0":{"start":{"line":10,"column":2},"end":{"line":10,"column":null}},"1":{"start":{"line":10,"column":28},"end":{"line":10,"column":null}},"2":{"start":{"line":12,"column":2},"end":{"line":23,"column":null}},"3":{"start":{"line":16,"column":10},"end":{"line":20,"column":null}},"4":{"start":{"line":19,"column":31},"end":{"line":19,"column":null}}},"fnMap":{"0":{"name":"ResultsGrid","decl":{"start":{"line":9,"column":16},"end":{"line":9,"column":28}},"loc":{"start":{"line":9,"column":76},"end":{"line":23,"column":null}},"line":9},"1":{"name":"(anonymous_1)","decl":{"start":{"line":15,"column":17},"end":{"line":15,"column":22}},"loc":{"start":{"line":16,"column":10},"end":{"line":20,"column":null}},"line":16},"2":{"name":"(anonymous_2)","decl":{"start":{"line":19,"column":12},"end":{"line":19,"column":31}},"loc":{"start":{"line":19,"column":31},"end":{"line":19,"column":null}},"line":19}},"branchMap":{"0":{"loc":{"start":{"line":10,"column":2},"end":{"line":10,"column":null}},"type":"if","locations":[{"start":{"line":10,"column":2},"end":{"line":10,"column":null}},{"start":{},"end":{}}],"line":10}},"s":{"0":10,"1":0,"2":10,"3":73,"4":0},"f":{"0":10,"1":73,"2":0},"b":{"0":[0,10]},"meta":{"lastBranch":1,"lastFunction":3,"lastStatement":5,"seen":{"f:9:16:9:28":0,"b:10:2:10:Infinity:undefined:undefined:undefined:undefined":0,"s:10:2:10:Infinity":0,"s:10:28:10:Infinity":1,"s:12:2:23:Infinity":2,"f:15:17:15:22":1,"s:16:10:20:Infinity":3,"f:19:12:19:31":2,"s:19:31:19:Infinity":4}}}
,"/Users/I841059/Desktop/horasExtras/src/components/SalaryInput.tsx": {"path":"/Users/I841059/Desktop/horasExtras/src/components/SalaryInput.tsx","statementMap":{"0":{"start":{"line":9,"column":8},"end":{"line":13,"column":null}},"1":{"start":{"line":10,"column":16},"end":{"line":10,"column":49}},"2":{"start":{"line":11,"column":18},"end":{"line":11,"column":null}},"3":{"start":{"line":12,"column":4},"end":{"line":12,"column":null}},"4":{"start":{"line":13,"column":4},"end":{"line":13,"column":null}},"5":{"start":{"line":16,"column":23},"end":{"line":19,"column":4}},"6":{"start":{"line":21,"column":2},"end":{"line":41,"column":null}}},"fnMap":{"0":{"name":"SalaryInput","decl":{"start":{"line":8,"column":16},"end":{"line":8,"column":28}},"loc":{"start":{"line":8,"column":68},"end":{"line":41,"column":null}},"line":8},"1":{"name":"(anonymous_1)","decl":{"start":{"line":9,"column":8},"end":{"line":9,"column":24}},"loc":{"start":{"line":9,"column":67},"end":{"line":13,"column":null}},"line":9}},"branchMap":{},"s":{"0":15,"1":3,"2":3,"3":3,"4":3,"5":15,"6":15},"f":{"0":15,"1":3},"b":{},"meta":{"lastBranch":0,"lastFunction":2,"lastStatement":7,"seen":{"f:8:16:8:28":0,"s:9:8:13:Infinity":0,"f:9:8:9:24":1,"s:10:16:10:49":1,"s:11:18:11:Infinity":2,"s:12:4:12:Infinity":3,"s:13:4:13:Infinity":4,"s:16:23:19:4":5,"s:21:2:41:Infinity":6}}}
,"/Users/I841059/Desktop/horasExtras/src/utils/calculations.ts": {"path":"/Users/I841059/Desktop/horasExtras/src/utils/calculations.ts","statementMap":{"0":{"start":{"line":4,"column":24},"end":{"line":4,"column":null}},"1":{"start":{"line":6,"column":2},"end":{"line":10,"column":null}},"2":{"start":{"line":6,"column":37},"end":{"line":10,"column":5}},"3":{"start":{"line":13,"column":21},"end":{"line":16,"column":2}},"4":{"start":{"line":19,"column":2},"end":{"line":19,"column":null}}},"fnMap":{"0":{"name":"calculateAllBands","decl":{"start":{"line":3,"column":16},"end":{"line":3,"column":34}},"loc":{"start":{"line":3,"column":87},"end":{"line":10,"column":null}},"line":3},"1":{"name":"(anonymous_1)","decl":{"start":{"line":6,"column":22},"end":{"line":6,"column":27}},"loc":{"start":{"line":6,"column":37},"end":{"line":10,"column":5}},"line":6},"2":{"name":"formatBRL","decl":{"start":{"line":18,"column":16},"end":{"line":18,"column":26}},"loc":{"start":{"line":18,"column":49},"end":{"line":19,"column":null}},"line":18}},"branchMap":{},"s":{"0":16,"1":16,"2":89,"3":4,"4":492},"f":{"0":16,"1":89,"2":492},"b":{},"meta":{"lastBranch":0,"lastFunction":3,"lastStatement":5,"seen":{"f:3:16:3:34":0,"s:4:24:4:Infinity":0,"s:6:2:10:Infinity":1,"f:6:22:6:27":1,"s:6:37:10:5":2,"s:13:21:16:2":3,"f:18:16:18:26":2,"s:19:2:19:Infinity":4}}}
,"/Users/I841059/Desktop/horasExtras/src/utils/logger.ts": {"path":"/Users/I841059/Desktop/horasExtras/src/utils/logger.ts","statementMap":{"0":{"start":{"line":2,"column":18},"end":{"line":6,"column":null}},"1":{"start":{"line":8,"column":2},"end":{"line":10,"column":null}},"2":{"start":{"line":9,"column":4},"end":{"line":9,"column":null}},"3":{"start":{"line":10,"column":4},"end":{"line":10,"column":null}},"4":{"start":{"line":13,"column":2},"end":{"line":13,"column":null}}},"fnMap":{"0":{"name":"logEvent","decl":{"start":{"line":1,"column":72},"end":{"line":1,"column":null}},"loc":{"start":{"line":1,"column":72},"end":{"line":13,"column":null}},"line":1}},"branchMap":{"0":{"loc":{"start":{"line":8,"column":2},"end":{"line":10,"column":null}},"type":"if","locations":[{"start":{"line":8,"column":2},"end":{"line":10,"column":null}},{"start":{},"end":{}}],"line":8}},"s":{"0":12,"1":12,"2":12,"3":12,"4":0},"f":{"0":12},"b":{"0":[12,0]},"meta":{"lastBranch":1,"lastFunction":1,"lastStatement":5,"seen":{"f:1:72:1:Infinity":0,"s:2:18:6:Infinity":0,"b:8:2:10:Infinity:undefined:undefined:undefined:undefined":0,"s:8:2:10:Infinity":1,"s:9:4:9:Infinity":2,"s:10:4:10:Infinity":3,"s:13:2:13:Infinity":4}}}
}
