{"/Users/I841059/Desktop/horasExtras/src/App.tsx": {"path":"/Users/I841059/Desktop/horasExtras/src/App.tsx","statementMap":{"0":{"start":{"line":13,"column":17},"end":{"line":16,"column":null}},"1":{"start":{"line":14,"column":18},"end":{"line":14,"column":48}},"2":{"start":{"line":15,"column":4},"end":{"line":15,"column":null}},"3":{"start":{"line":18,"column":16},"end":{"line":21,"column":null}},"4":{"start":{"line":19,"column":18},"end":{"line":19,"column":47}},"5":{"start":{"line":20,"column":4},"end":{"line":20,"column":null}},"6":{"start":{"line":23,"column":2},"end":{"line":25,"column":null}},"7":{"start":{"line":24,"column":4},"end":{"line":24,"column":null}},"8":{"start":{"line":27,"column":2},"end":{"line":29,"column":null}},"9":{"start":{"line":28,"column":4},"end":{"line":28,"column":null}},"10":{"start":{"line":31,"column":8},"end":{"line":33,"column":null}},"11":{"start":{"line":31,"column":18},"end":{"line":32,"column":75}},"12":{"start":{"line":36,"column":8},"end":{"line":39,"column":null}},"13":{"start":{"line":37,"column":17},"end":{"line":37,"column":51}},"14":{"start":{"line":37,"column":35},"end":{"line":37,"column":51}},"15":{"start":{"line":38,"column":4},"end":{"line":38,"column":null}},"16":{"start":{"line":39,"column":4},"end":{"line":39,"column":null}},"17":{"start":{"line":39,"column":23},"end":{"line":39,"column":58}},"18":{"start":{"line":39,"column":42},"end":{"line":39,"column":58}},"19":{"start":{"line":42,"column":8},"end":{"line":50,"column":null}},"20":{"start":{"line":43,"column":26},"end":{"line":48,"column":null}},"21":{"start":{"line":49,"column":4},"end":{"line":49,"column":null}},"22":{"start":{"line":50,"column":4},"end":{"line":50,"column":null}},"23":{"start":{"line":50,"column":23},"end":{"line":50,"column":41}},"24":{"start":{"line":53,"column":2},"end":{"line":63,"column":null}}},"fnMap":{"0":{"name":"App","decl":{"start":{"line":12,"column":9},"end":{"line":12,"column":15}},"loc":{"start":{"line":12,"column":15},"end":{"line":63,"column":null}},"line":12},"1":{"name":"(anonymous_1)","decl":{"start":{"line":13,"column":30},"end":{"line":13,"column":45}},"loc":{"start":{"line":13,"column":45},"end":{"line":16,"column":null}},"line":13},"2":{"name":"(anonymous_2)","decl":{"start":{"line":18,"column":28},"end":{"line":18,"column":51}},"loc":{"start":{"line":18,"column":51},"end":{"line":21,"column":null}},"line":18},"3":{"name":"(anonymous_3)","decl":{"start":{"line":23,"column":2},"end":{"line":23,"column":18}},"loc":{"start":{"line":23,"column":18},"end":{"line":25,"column":6}},"line":23},"4":{"name":"(anonymous_4)","decl":{"start":{"line":27,"column":2},"end":{"line":27,"column":18}},"loc":{"start":{"line":27,"column":18},"end":{"line":29,"column":6}},"line":27},"5":{"name":"(anonymous_5)","decl":{"start":{"line":31,"column":18},"end":{"line":31,"column":null}},"loc":{"start":{"line":31,"column":18},"end":{"line":32,"column":75}},"line":31},"6":{"name":"(anonymous_6)","decl":{"start":{"line":36,"column":8},"end":{"line":36,"column":22}},"loc":{"start":{"line":36,"column":41},"end":{"line":39,"column":null}},"line":36},"7":{"name":"(anonymous_7)","decl":{"start":{"line":37,"column":23},"end":{"line":37,"column":29}},"loc":{"start":{"line":37,"column":35},"end":{"line":37,"column":51}},"line":37},"8":{"name":"(anonymous_8)","decl":{"start":{"line":39,"column":4},"end":{"line":39,"column":14}},"loc":{"start":{"line":39,"column":23},"end":{"line":39,"column":58}},"line":39},"9":{"name":"(anonymous_9)","decl":{"start":{"line":39,"column":28},"end":{"line":39,"column":36}},"loc":{"start":{"line":39,"column":42},"end":{"line":39,"column":58}},"line":39},"10":{"name":"(anonymous_10)","decl":{"start":{"line":42,"column":8},"end":{"line":42,"column":19}},"loc":{"start":{"line":42,"column":56},"end":{"line":50,"column":null}},"line":42},"11":{"name":"(anonymous_11)","decl":{"start":{"line":50,"column":4},"end":{"line":50,"column":14}},"loc":{"start":{"line":50,"column":23},"end":{"line":50,"column":41}},"line":50}},"branchMap":{"0":{"loc":{"start":{"line":15,"column":11},"end":{"line":15,"column":null}},"type":"cond-expr","locations":[{"start":{"line":15,"column":19},"end":{"line":15,"column":32}},{"start":{"line":15,"column":35},"end":{"line":15,"column":null}}],"line":15},"1":{"loc":{"start":{"line":20,"column":11},"end":{"line":20,"column":null}},"type":"cond-expr","locations":[{"start":{"line":20,"column":19},"end":{"line":20,"column":36}},{"start":{"line":20,"column":39},"end":{"line":20,"column":null}}],"line":20}},"s":{"0":8,"1":7,"2":7,"3":8,"4":7,"5":7,"6":8,"7":8,"8":8,"9":7,"10":8,"11":8,"12":8,"13":0,"14":0,"15":0,"16":0,"17":0,"18":0,"19":8,"20":0,"21":0,"22":0,"23":0,"24":8},"f":{"0":8,"1":7,"2":7,"3":8,"4":7,"5":8,"6":0,"7":0,"8":0,"9":0,"10":0,"11":0},"b":{"0":[1,6],"1":[1,6]},"meta":{"lastBranch":2,"lastFunction":12,"lastStatement":25,"seen":{"f:12:9:12:15":0,"s:13:17:16:Infinity":0,"f:13:30:13:45":1,"s:14:18:14:48":1,"s:15:4:15:Infinity":2,"b:15:19:15:32:15:35:15:Infinity":0,"s:18:16:21:Infinity":3,"f:18:28:18:51":2,"s:19:18:19:47":4,"s:20:4:20:Infinity":5,"b:20:19:20:36:20:39:20:Infinity":1,"s:23:2:25:Infinity":6,"f:23:2:23:18":3,"s:24:4:24:Infinity":7,"s:27:2:29:Infinity":8,"f:27:2:27:18":4,"s:28:4:28:Infinity":9,"s:31:8:33:Infinity":10,"f:31:18:31:Infinity":5,"s:31:18:32:75":11,"s:36:8:39:Infinity":12,"f:36:8:36:22":6,"s:37:17:37:51":13,"f:37:23:37:29":7,"s:37:35:37:51":14,"s:38:4:38:Infinity":15,"s:39:4:39:Infinity":16,"f:39:4:39:14":8,"s:39:23:39:58":17,"f:39:28:39:36":9,"s:39:42:39:58":18,"s:42:8:50:Infinity":19,"f:42:8:42:19":10,"s:43:26:48:Infinity":20,"s:49:4:49:Infinity":21,"s:50:4:50:Infinity":22,"f:50:4:50:14":11,"s:50:23:50:41":23,"s:53:2:63:Infinity":24}}}
,"/Users/I841059/Desktop/horasExtras/src/config.ts": {"path":"/Users/I841059/Desktop/horasExtras/src/config.ts","statementMap":{"0":{"start":{"line":3,"column":29},"end":{"line":3,"column":null}},"1":{"start":{"line":5,"column":37},"end":{"line":54,"column":null}}},"fnMap":{},"branchMap":{},"s":{"0":1,"1":1},"f":{},"b":{},"meta":{"lastBranch":0,"lastFunction":0,"lastStatement":2,"seen":{"s:3:29:3:Infinity":0,"s:5:37:54:Infinity":1}}}
,"/Users/I841059/Desktop/horasExtras/src/components/BandCard.tsx": {"path":"/Users/I841059/Desktop/horasExtras/src/components/BandCard.tsx","statementMap":{"0":{"start":{"line":10,"column":2},"end":{"line":10,"column":null}},"1":{"start":{"line":10,"column":35},"end":{"line":10,"column":null}},"2":{"start":{"line":11,"column":2},"end":{"line":11,"column":null}},"3":{"start":{"line":11,"column":19},"end":{"line":11,"column":null}},"4":{"start":{"line":12,"column":2},"end":{"line":12,"column":null}},"5":{"start":{"line":15,"column":92},"end":{"line":36,"column":null}},"6":{"start":{"line":39,"column":30},"end":{"line":39,"column":null}},"7":{"start":{"line":40,"column":17},"end":{"line":40,"column":null}},"8":{"start":{"line":42,"column":2},"end":{"line":68,"column":null}}},"fnMap":{"0":{"name":"formatMultiplier","decl":{"start":{"line":9,"column":9},"end":{"line":9,"column":26}},"loc":{"start":{"line":9,"column":45},"end":{"line":12,"column":null}},"line":9},"1":{"name":"BandCard","decl":{"start":{"line":38,"column":16},"end":{"line":38,"column":25}},"loc":{"start":{"line":38,"column":62},"end":{"line":68,"column":null}},"line":38}},"branchMap":{"0":{"loc":{"start":{"line":10,"column":2},"end":{"line":10,"column":null}},"type":"if","locations":[{"start":{"line":10,"column":2},"end":{"line":10,"column":null}},{"start":{},"end":{}}],"line":10},"1":{"loc":{"start":{"line":11,"column":2},"end":{"line":11,"column":null}},"type":"if","locations":[{"start":{"line":11,"column":2},"end":{"line":11,"column":null}},{"start":{},"end":{}}],"line":11}},"s":{"0":61,"1":7,"2":54,"3":54,"4":39,"5":2,"6":61,"7":61,"8":61},"f":{"0":61,"1":61},"b":{"0":[7,54],"1":[15,39]},"meta":{"lastBranch":2,"lastFunction":2,"lastStatement":9,"seen":{"f:9:9:9:26":0,"b:10:2:10:Infinity:undefined:undefined:undefined:undefined":0,"s:10:2:10:Infinity":0,"s:10:35:10:Infinity":1,"b:11:2:11:Infinity:undefined:undefined:undefined:undefined":1,"s:11:2:11:Infinity":2,"s:11:19:11:Infinity":3,"s:12:2:12:Infinity":4,"s:15:92:36:Infinity":5,"f:38:16:38:25":1,"s:39:30:39:Infinity":6,"s:40:17:40:Infinity":7,"s:42:2:68:Infinity":8}}}
,"/Users/I841059/Desktop/horasExtras/src/components/Footer.tsx": {"path":"/Users/I841059/Desktop/horasExtras/src/components/Footer.tsx","statementMap":{"0":{"start":{"line":2,"column":2},"end":{"line":10,"column":null}}},"fnMap":{"0":{"name":"Footer","decl":{"start":{"line":1,"column":16},"end":{"line":1,"column":25}},"loc":{"start":{"line":1,"column":25},"end":{"line":10,"column":null}},"line":1}},"branchMap":{},"s":{"0":8},"f":{"0":8},"b":{},"meta":{"lastBranch":0,"lastFunction":1,"lastStatement":1,"seen":{"f:1:16:1:25":0,"s:2:2:10:Infinity":0}}}
,"/Users/I841059/Desktop/horasExtras/src/components/Header.tsx": {"path":"/Users/I841059/Desktop/horasExtras/src/components/Header.tsx","statementMap":{"0":{"start":{"line":2,"column":2},"end":{"line":7,"column":null}}},"fnMap":{"0":{"name":"Header","decl":{"start":{"line":1,"column":16},"end":{"line":1,"column":25}},"loc":{"start":{"line":1,"column":25},"end":{"line":7,"column":null}},"line":1}},"branchMap":{},"s":{"0":8},"f":{"0":8},"b":{},"meta":{"lastBranch":0,"lastFunction":1,"lastStatement":1,"seen":{"f:1:16:1:25":0,"s:2:2:7:Infinity":0}}}
,"/Users/I841059/Desktop/horasExtras/src/components/HoursCalculator.tsx": {"path":"/Users/I841059/Desktop/horasExtras/src/components/HoursCalculator.tsx","statementMap":{"0":{"start":{"line":6,"column":53},"end":{"line":11,"column":null}},"1":{"start":{"line":18,"column":16},"end":{"line":21,"column":null}},"2":{"start":{"line":19,"column":18},"end":{"line":19,"column":47}},"3":{"start":{"line":20,"column":4},"end":{"line":20,"column":null}},"4":{"start":{"line":23,"column":2},"end":{"line":25,"column":null}},"5":{"start":{"line":24,"column":4},"end":{"line":24,"column":null}},"6":{"start":{"line":27,"column":8},"end":{"line":31,"column":null}},"7":{"start":{"line":28,"column":19},"end":{"line":28,"column":38}},"8":{"start":{"line":29,"column":18},"end":{"line":29,"column":null}},"9":{"start":{"line":30,"column":4},"end":{"line":30,"column":null}},"10":{"start":{"line":31,"column":4},"end":{"line":31,"column":null}},"11":{"start":{"line":31,"column":24},"end":{"line":31,"column":54}},"12":{"start":{"line":34,"column":21},"end":{"line":36,"column":null}},"13":{"start":{"line":35,"column":16},"end":{"line":35,"column":null}},"14":{"start":{"line":39,"column":2},"end":{"line":121,"column":null}},"15":{"start":{"line":56,"column":20},"end":{"line":56,"column":null}},"16":{"start":{"line":57,"column":27},"end":{"line":57,"column":null}},"17":{"start":{"line":59,"column":10},"end":{"line":112,"column":null}},"18":{"start":{"line":77,"column":35},"end":{"line":77,"column":84}},"19":{"start":{"line":102,"column":37},"end":{"line":102,"column":86}}},"fnMap":{"0":{"name":"HoursCalculator","decl":{"start":{"line":17,"column":16},"end":{"line":17,"column":32}},"loc":{"start":{"line":17,"column":67},"end":{"line":121,"column":null}},"line":17},"1":{"name":"(anonymous_1)","decl":{"start":{"line":18,"column":28},"end":{"line":18,"column":67}},"loc":{"start":{"line":18,"column":67},"end":{"line":21,"column":null}},"line":18},"2":{"name":"(anonymous_2)","decl":{"start":{"line":23,"column":2},"end":{"line":23,"column":18}},"loc":{"start":{"line":23,"column":18},"end":{"line":25,"column":6}},"line":23},"3":{"name":"(anonymous_3)","decl":{"start":{"line":27,"column":8},"end":{"line":27,"column":29}},"loc":{"start":{"line":27,"column":63},"end":{"line":31,"column":null}},"line":27},"4":{"name":"(anonymous_4)","decl":{"start":{"line":31,"column":4},"end":{"line":31,"column":14}},"loc":{"start":{"line":31,"column":24},"end":{"line":31,"column":54}},"line":31},"5":{"name":"(anonymous_5)","decl":{"start":{"line":34,"column":29},"end":{"line":34,"column":null}},"loc":{"start":{"line":35,"column":16},"end":{"line":35,"column":null}},"line":35},"6":{"name":"(anonymous_6)","decl":{"start":{"line":55,"column":17},"end":{"line":55,"column":22}},"loc":{"start":{"line":55,"column":33},"end":{"line":114,"column":null}},"line":55},"7":{"name":"(anonymous_7)","decl":{"start":{"line":77,"column":18},"end":{"line":77,"column":29}},"loc":{"start":{"line":77,"column":35},"end":{"line":77,"column":84}},"line":77},"8":{"name":"(anonymous_8)","decl":{"start":{"line":102,"column":20},"end":{"line":102,"column":31}},"loc":{"start":{"line":102,"column":37},"end":{"line":102,"column":86}},"line":102}},"branchMap":{"0":{"loc":{"start":{"line":20,"column":11},"end":{"line":20,"column":41}},"type":"cond-expr","locations":[{"start":{"line":20,"column":19},"end":{"line":20,"column":36}},{"start":{"line":20,"column":39},"end":{"line":20,"column":41}}],"line":20},"1":{"loc":{"start":{"line":29,"column":18},"end":{"line":29,"column":null}},"type":"cond-expr","locations":[{"start":{"line":29,"column":34},"end":{"line":29,"column":38}},{"start":{"line":29,"column":38},"end":{"line":29,"column":null}}],"line":29},"2":{"loc":{"start":{"line":35,"column":37},"end":{"line":35,"column":null}},"type":"binary-expr","locations":[{"start":{"line":35,"column":37},"end":{"line":35,"column":57}},{"start":{"line":35,"column":57},"end":{"line":35,"column":null}}],"line":35},"3":{"loc":{"start":{"line":56,"column":20},"end":{"line":56,"column":null}},"type":"binary-expr","locations":[{"start":{"line":56,"column":20},"end":{"line":56,"column":45}},{"start":{"line":56,"column":45},"end":{"line":56,"column":null}}],"line":56},"4":{"loc":{"start":{"line":76,"column":25},"end":{"line":76,"column":null}},"type":"binary-expr","locations":[{"start":{"line":76,"column":25},"end":{"line":76,"column":30}},{"start":{"line":76,"column":30},"end":{"line":76,"column":null}}],"line":76},"5":{"loc":{"start":{"line":101,"column":27},"end":{"line":101,"column":null}},"type":"binary-expr","locations":[{"start":{"line":101,"column":27},"end":{"line":101,"column":32}},{"start":{"line":101,"column":32},"end":{"line":101,"column":null}}],"line":101}},"s":{"0":2,"1":20,"2":14,"3":14,"4":20,"5":19,"6":20,"7":5,"8":5,"9":5,"10":5,"11":5,"12":20,"13":81,"14":20,"15":81,"16":81,"17":81,"18":5,"19":0},"f":{"0":20,"1":14,"2":19,"3":5,"4":5,"5":81,"6":81,"7":5,"8":0},"b":{"0":[1,13],"1":[0,5],"2":[81,74],"3":[81,74],"4":[81,74],"5":[81,74]},"meta":{"lastBranch":6,"lastFunction":9,"lastStatement":20,"seen":{"s:6:53:11:Infinity":0,"f:17:16:17:32":0,"s:18:16:21:Infinity":1,"f:18:28:18:67":1,"s:19:18:19:47":2,"s:20:4:20:Infinity":3,"b:20:19:20:36:20:39:20:41":0,"s:23:2:25:Infinity":4,"f:23:2:23:18":2,"s:24:4:24:Infinity":5,"s:27:8:31:Infinity":6,"f:27:8:27:29":3,"s:28:19:28:38":7,"s:29:18:29:Infinity":8,"b:29:34:29:38:29:38:29:Infinity":1,"s:30:4:30:Infinity":9,"s:31:4:31:Infinity":10,"f:31:4:31:14":4,"s:31:24:31:54":11,"s:34:21:36:Infinity":12,"f:34:29:34:Infinity":5,"s:35:16:35:Infinity":13,"b:35:37:35:57:35:57:35:Infinity":2,"s:39:2:121:Infinity":14,"f:55:17:55:22":6,"s:56:20:56:Infinity":15,"b:56:20:56:45:56:45:56:Infinity":3,"s:57:27:57:Infinity":16,"s:59:10:112:Infinity":17,"b:76:25:76:30:76:30:76:Infinity":4,"f:77:18:77:29":7,"s:77:35:77:84":18,"b:101:27:101:32:101:32:101:Infinity":5,"f:102:20:102:31":8,"s:102:37:102:86":19}}}
,"/Users/I841059/Desktop/horasExtras/src/components/ResultsGrid.tsx": {"path":"/Users/I841059/Desktop/horasExtras/src/components/ResultsGrid.tsx","statementMap":{"0":{"start":{"line":12,"column":17},"end":{"line":12,"column":45}},"1":{"start":{"line":13,"column":18},"end":{"line":13,"column":44}},"2":{"start":{"line":14,"column":24},"end":{"line":14,"column":56}},"3":{"start":{"line":16,"column":8},"end":{"line":23,"column":null}},"4":{"start":{"line":17,"column":17},"end":{"line":17,"column":31}},"5":{"start":{"line":18,"column":23},"end":{"line":18,"column":48}},"6":{"start":{"line":19,"column":4},"end":{"line":19,"column":null}},"7":{"start":{"line":19,"column":55},"end":{"line":19,"column":null}},"8":{"start":{"line":20,"column":4},"end":{"line":20,"column":null}},"9":{"start":{"line":21,"column":4},"end":{"line":21,"column":null}},"10":{"start":{"line":22,"column":4},"end":{"line":22,"column":null}},"11":{"start":{"line":23,"column":4},"end":{"line":23,"column":null}},"12":{"start":{"line":26,"column":2},"end":{"line":26,"column":null}},"13":{"start":{"line":26,"column":28},"end":{"line":26,"column":null}},"14":{"start":{"line":28,"column":2},"end":{"line":86,"column":null}},"15":{"start":{"line":32,"column":10},"end":{"line":36,"column":null}},"16":{"start":{"line":35,"column":28},"end":{"line":35,"column":null}},"17":{"start":{"line":44,"column":31},"end":{"line":44,"column":57}},"18":{"start":{"line":52,"column":31},"end":{"line":52,"column":63}},"19":{"start":{"line":66,"column":33},"end":{"line":66,"column":51}},"20":{"start":{"line":66,"column":51},"end":{"line":66,"column":67}},"21":{"start":{"line":66,"column":67},"end":{"line":66,"column":null}},"22":{"start":{"line":75,"column":27},"end":{"line":75,"column":42}}},"fnMap":{"0":{"name":"ResultsGrid","decl":{"start":{"line":11,"column":16},"end":{"line":11,"column":28}},"loc":{"start":{"line":11,"column":84},"end":{"line":86,"column":null}},"line":11},"1":{"name":"(anonymous_1)","decl":{"start":{"line":16,"column":8},"end":{"line":16,"column":26}},"loc":{"start":{"line":16,"column":26},"end":{"line":23,"column":null}},"line":16},"2":{"name":"(anonymous_2)","decl":{"start":{"line":31,"column":17},"end":{"line":31,"column":22}},"loc":{"start":{"line":32,"column":10},"end":{"line":36,"column":null}},"line":32},"3":{"name":"(anonymous_3)","decl":{"start":{"line":35,"column":12},"end":{"line":35,"column":28}},"loc":{"start":{"line":35,"column":28},"end":{"line":35,"column":null}},"line":35},"4":{"name":"(anonymous_4)","decl":{"start":{"line":44,"column":14},"end":{"line":44,"column":25}},"loc":{"start":{"line":44,"column":31},"end":{"line":44,"column":57}},"line":44},"5":{"name":"(anonymous_5)","decl":{"start":{"line":52,"column":14},"end":{"line":52,"column":25}},"loc":{"start":{"line":52,"column":31},"end":{"line":52,"column":63}},"line":52},"6":{"name":"(anonymous_6)","decl":{"start":{"line":66,"column":16},"end":{"line":66,"column":31}},"loc":{"start":{"line":66,"column":31},"end":{"line":66,"column":null}},"line":66},"7":{"name":"(anonymous_7)","decl":{"start":{"line":75,"column":12},"end":{"line":75,"column":27}},"loc":{"start":{"line":75,"column":27},"end":{"line":75,"column":42}},"line":75}},"branchMap":{"0":{"loc":{"start":{"line":19,"column":4},"end":{"line":19,"column":null}},"type":"if","locations":[{"start":{"line":19,"column":4},"end":{"line":19,"column":null}},{"start":{},"end":{}}],"line":19},"1":{"loc":{"start":{"line":19,"column":8},"end":{"line":19,"column":55}},"type":"binary-expr","locations":[{"start":{"line":19,"column":8},"end":{"line":19,"column":17}},{"start":{"line":19,"column":17},"end":{"line":19,"column":34}},{"start":{"line":19,"column":38},"end":{"line":19,"column":55}}],"line":19},"2":{"loc":{"start":{"line":26,"column":2},"end":{"line":26,"column":null}},"type":"if","locations":[{"start":{"line":26,"column":2},"end":{"line":26,"column":null}},{"start":{},"end":{}}],"line":26},"3":{"loc":{"start":{"line":39,"column":9},"end":{"line":82,"column":null}},"type":"cond-expr","locations":[{"start":{"line":40,"column":10},"end":{"line":74,"column":11}},{"start":{"line":74,"column":10},"end":{"line":82,"column":null}}],"line":39}},"s":{"0":8,"1":8,"2":8,"3":8,"4":0,"5":0,"6":0,"7":0,"8":0,"9":0,"10":0,"11":0,"12":8,"13":0,"14":8,"15":57,"16":0,"17":0,"18":0,"19":0,"20":0,"21":0,"22":0},"f":{"0":8,"1":0,"2":57,"3":0,"4":0,"5":0,"6":0,"7":0},"b":{"0":[0,0],"1":[0,0,0],"2":[0,8],"3":[0,8]},"meta":{"lastBranch":4,"lastFunction":8,"lastStatement":23,"seen":{"f:11:16:11:28":0,"s:12:17:12:45":0,"s:13:18:13:44":1,"s:14:24:14:56":2,"s:16:8:23:Infinity":3,"f:16:8:16:26":1,"s:17:17:17:31":4,"s:18:23:18:48":5,"b:19:4:19:Infinity:undefined:undefined:undefined:undefined":0,"s:19:4:19:Infinity":6,"b:19:8:19:17:19:17:19:34:19:38:19:55":1,"s:19:55:19:Infinity":7,"s:20:4:20:Infinity":8,"s:21:4:21:Infinity":9,"s:22:4:22:Infinity":10,"s:23:4:23:Infinity":11,"b:26:2:26:Infinity:undefined:undefined:undefined:undefined":2,"s:26:2:26:Infinity":12,"s:26:28:26:Infinity":13,"s:28:2:86:Infinity":14,"f:31:17:31:22":2,"s:32:10:36:Infinity":15,"f:35:12:35:28":3,"s:35:28:35:Infinity":16,"b:40:10:74:11:74:10:82:Infinity":3,"f:44:14:44:25":4,"s:44:31:44:57":17,"f:52:14:52:25":5,"s:52:31:52:63":18,"f:66:16:66:31":6,"s:66:33:66:51":19,"s:66:51:66:67":20,"s:66:67:66:Infinity":21,"f:75:12:75:27":7,"s:75:27:75:42":22}}}
,"/Users/I841059/Desktop/horasExtras/src/components/SalaryInput.tsx": {"path":"/Users/I841059/Desktop/horasExtras/src/components/SalaryInput.tsx","statementMap":{"0":{"start":{"line":9,"column":8},"end":{"line":13,"column":null}},"1":{"start":{"line":10,"column":16},"end":{"line":10,"column":49}},"2":{"start":{"line":11,"column":18},"end":{"line":11,"column":null}},"3":{"start":{"line":12,"column":4},"end":{"line":12,"column":null}},"4":{"start":{"line":13,"column":4},"end":{"line":13,"column":null}},"5":{"start":{"line":16,"column":23},"end":{"line":19,"column":4}},"6":{"start":{"line":21,"column":2},"end":{"line":41,"column":null}}},"fnMap":{"0":{"name":"SalaryInput","decl":{"start":{"line":8,"column":16},"end":{"line":8,"column":28}},"loc":{"start":{"line":8,"column":68},"end":{"line":41,"column":null}},"line":8},"1":{"name":"(anonymous_1)","decl":{"start":{"line":9,"column":8},"end":{"line":9,"column":24}},"loc":{"start":{"line":9,"column":67},"end":{"line":13,"column":null}},"line":9}},"branchMap":{},"s":{"0":13,"1":3,"2":3,"3":3,"4":3,"5":13,"6":13},"f":{"0":13,"1":3},"b":{},"meta":{"lastBranch":0,"lastFunction":2,"lastStatement":7,"seen":{"f:8:16:8:28":0,"s:9:8:13:Infinity":0,"f:9:8:9:24":1,"s:10:16:10:49":1,"s:11:18:11:Infinity":2,"s:12:4:12:Infinity":3,"s:13:4:13:Infinity":4,"s:16:23:19:4":5,"s:21:2:41:Infinity":6}}}
,"/Users/I841059/Desktop/horasExtras/src/utils/calculations.ts": {"path":"/Users/I841059/Desktop/horasExtras/src/utils/calculations.ts","statementMap":{"0":{"start":{"line":4,"column":24},"end":{"line":4,"column":null}},"1":{"start":{"line":6,"column":2},"end":{"line":10,"column":null}},"2":{"start":{"line":6,"column":37},"end":{"line":10,"column":5}},"3":{"start":{"line":13,"column":21},"end":{"line":16,"column":2}},"4":{"start":{"line":19,"column":2},"end":{"line":19,"column":null}}},"fnMap":{"0":{"name":"calculateAllBands","decl":{"start":{"line":3,"column":16},"end":{"line":3,"column":34}},"loc":{"start":{"line":3,"column":87},"end":{"line":10,"column":null}},"line":3},"1":{"name":"(anonymous_1)","decl":{"start":{"line":6,"column":22},"end":{"line":6,"column":27}},"loc":{"start":{"line":6,"column":37},"end":{"line":10,"column":5}},"line":6},"2":{"name":"formatBRL","decl":{"start":{"line":18,"column":16},"end":{"line":18,"column":26}},"loc":{"start":{"line":18,"column":49},"end":{"line":19,"column":null}},"line":18}},"branchMap":{},"s":{"0":15,"1":15,"2":81,"3":4,"4":407},"f":{"0":15,"1":81,"2":407},"b":{},"meta":{"lastBranch":0,"lastFunction":3,"lastStatement":5,"seen":{"f:3:16:3:34":0,"s:4:24:4:Infinity":0,"s:6:2:10:Infinity":1,"f:6:22:6:27":1,"s:6:37:10:5":2,"s:13:21:16:2":3,"f:18:16:18:26":2,"s:19:2:19:Infinity":4}}}
,"/Users/I841059/Desktop/horasExtras/src/utils/logger.ts": {"path":"/Users/I841059/Desktop/horasExtras/src/utils/logger.ts","statementMap":{"0":{"start":{"line":7,"column":28},"end":{"line":7,"column":null}},"1":{"start":{"line":8,"column":55},"end":{"line":8,"column":null}},"2":{"start":{"line":9,"column":23},"end":{"line":9,"column":null}},"3":{"start":{"line":12,"column":2},"end":{"line":12,"column":null}},"4":{"start":{"line":12,"column":26},"end":{"line":12,"column":null}},"5":{"start":{"line":13,"column":16},"end":{"line":13,"column":null}},"6":{"start":{"line":14,"column":2},"end":{"line":14,"column":null}},"7":{"start":{"line":15,"column":2},"end":{"line":15,"column":null}},"8":{"start":{"line":19,"column":2},"end":{"line":19,"column":null}},"9":{"start":{"line":19,"column":18},"end":{"line":19,"column":null}},"10":{"start":{"line":20,"column":2},"end":{"line":23,"column":null}},"11":{"start":{"line":21,"column":4},"end":{"line":21,"column":null}},"12":{"start":{"line":22,"column":4},"end":{"line":22,"column":null}},"13":{"start":{"line":26,"column":0},"end":{"line":29,"column":null}},"14":{"start":{"line":27,"column":2},"end":{"line":29,"column":null}},"15":{"start":{"line":28,"column":4},"end":{"line":28,"column":null}},"16":{"start":{"line":28,"column":47},"end":{"line":28,"column":null}},"17":{"start":{"line":33,"column":28},"end":{"line":37,"column":null}},"18":{"start":{"line":39,"column":2},"end":{"line":41,"column":null}},"19":{"start":{"line":40,"column":4},"end":{"line":40,"column":null}},"20":{"start":{"line":41,"column":4},"end":{"line":41,"column":null}},"21":{"start":{"line":44,"column":2},"end":{"line":44,"column":null}},"22":{"start":{"line":45,"column":2},"end":{"line":45,"column":null}}},"fnMap":{"0":{"name":"flush","decl":{"start":{"line":11,"column":9},"end":{"line":11,"column":17}},"loc":{"start":{"line":11,"column":17},"end":{"line":15,"column":null}},"line":11},"1":{"name":"scheduleFlush","decl":{"start":{"line":18,"column":9},"end":{"line":18,"column":25}},"loc":{"start":{"line":18,"column":25},"end":{"line":23,"column":null}},"line":18},"2":{"name":"(anonymous_2)","decl":{"start":{"line":20,"column":15},"end":{"line":20,"column":32}},"loc":{"start":{"line":20,"column":32},"end":{"line":23,"column":20}},"line":20},"3":{"name":"(anonymous_3)","decl":{"start":{"line":27,"column":28},"end":{"line":27,"column":54}},"loc":{"start":{"line":27,"column":54},"end":{"line":29,"column":null}},"line":27},"4":{"name":"logEvent","decl":{"start":{"line":32,"column":16},"end":{"line":32,"column":25}},"loc":{"start":{"line":32,"column":72},"end":{"line":45,"column":null}},"line":32}},"branchMap":{"0":{"loc":{"start":{"line":12,"column":2},"end":{"line":12,"column":null}},"type":"if","locations":[{"start":{"line":12,"column":2},"end":{"line":12,"column":null}},{"start":{},"end":{}}],"line":12},"1":{"loc":{"start":{"line":19,"column":2},"end":{"line":19,"column":null}},"type":"if","locations":[{"start":{"line":19,"column":2},"end":{"line":19,"column":null}},{"start":{},"end":{}}],"line":19},"2":{"loc":{"start":{"line":26,"column":0},"end":{"line":29,"column":null}},"type":"if","locations":[{"start":{"line":26,"column":0},"end":{"line":29,"column":null}},{"start":{},"end":{}}],"line":26},"3":{"loc":{"start":{"line":28,"column":4},"end":{"line":28,"column":null}},"type":"if","locations":[{"start":{"line":28,"column":4},"end":{"line":28,"column":null}},{"start":{},"end":{}}],"line":28},"4":{"loc":{"start":{"line":39,"column":2},"end":{"line":41,"column":null}},"type":"if","locations":[{"start":{"line":39,"column":2},"end":{"line":41,"column":null}},{"start":{},"end":{}}],"line":39}},"s":{"0":3,"1":3,"2":3,"3":0,"4":0,"5":0,"6":0,"7":0,"8":0,"9":0,"10":0,"11":0,"12":0,"13":3,"14":3,"15":0,"16":0,"17":8,"18":8,"19":8,"20":8,"21":0,"22":0},"f":{"0":0,"1":0,"2":0,"3":0,"4":8},"b":{"0":[0,0],"1":[0,0],"2":[3,0],"3":[0,0],"4":[8,0]},"meta":{"lastBranch":5,"lastFunction":5,"lastStatement":23,"seen":{"s:7:28:7:Infinity":0,"s:8:55:8:Infinity":1,"s:9:23:9:Infinity":2,"f:11:9:11:17":0,"b:12:2:12:Infinity:undefined:undefined:undefined:undefined":0,"s:12:2:12:Infinity":3,"s:12:26:12:Infinity":4,"s:13:16:13:Infinity":5,"s:14:2:14:Infinity":6,"s:15:2:15:Infinity":7,"f:18:9:18:25":1,"b:19:2:19:Infinity:undefined:undefined:undefined:undefined":1,"s:19:2:19:Infinity":8,"s:19:18:19:Infinity":9,"s:20:2:23:Infinity":10,"f:20:15:20:32":2,"s:21:4:21:Infinity":11,"s:22:4:22:Infinity":12,"b:26:0:29:Infinity:undefined:undefined:undefined:undefined":2,"s:26:0:29:Infinity":13,"s:27:2:29:Infinity":14,"f:27:28:27:54":3,"b:28:4:28:Infinity:undefined:undefined:undefined:undefined":3,"s:28:4:28:Infinity":15,"s:28:47:28:Infinity":16,"f:32:16:32:25":4,"s:33:28:37:Infinity":17,"b:39:2:41:Infinity:undefined:undefined:undefined:undefined":4,"s:39:2:41:Infinity":18,"s:40:4:40:Infinity":19,"s:41:4:41:Infinity":20,"s:44:2:44:Infinity":21,"s:45:2:45:Infinity":22}}}
}
